07-02-2023 19:31 Пользователь Oksana 212186990 написал следующее: /start
07-02-2023 19:34 Пользователь Oksana 212186990 написал следующее: /difference
07-02-2023 19:34 Пользователь Oksana 212186990 написал следующее: /difference
07-02-2023 19:34 Пользователь Oksana 212186990 написал следующее: /sumary
07-02-2023 19:34 Пользователь Oksana 212186990 написал следующее: /sumary
07-02-2023 19:35 Пользователь Oksana 212186990 написал следующее: /sumary
07-02-2023 19:35 Пользователь Oksana 212186990 написал следующее: /sum 67 98
07-02-2023 19:37 Пользователь Oksana 212186990 написал следующее: /multiply
07-02-2023 19:38 Пользователь Oksana 212186990 написал следующее: /sumary
07-02-2023 19:38 Пользователь Oksana 212186990 написал следующее: /sum 5 7
07-02-2023 19:38 Пользователь Oksana 212186990 написал следующее: /multiply
07-02-2023 19:39 Пользователь Oksana 212186990 написал следующее: /multiply
07-02-2023 19:39 Пользователь Oksana 212186990 написал следующее: /multiply
07-02-2023 19:41 Пользователь Oksana 212186990 написал следующее: /quotient
07-02-2023 19:43 Пользователь Oksana 212186990 написал следующее: /quotient
07-02-2023 19:45 Пользователь Kira 898841761 написал следующее: /start
07-02-2023 19:45 Пользователь Kira 898841761 написал следующее: /help
07-02-2023 19:45 Пользователь Kira 898841761 написал следующее: /difference
07-02-2023 19:46 Пользователь Kira 898841761 написал следующее: /diff 9 3
07-02-2023 19:47 Пользователь Kira 898841761 написал следующее: /sumary
07-02-2023 19:47 Пользователь Kira 898841761 написал следующее: /sum 93 39
07-02-2023 19:50 Пользователь Denis_Blokhin 61301233 написал следующее: /start
07-02-2023 19:51 Пользователь Denis_Blokhin 61301233 написал следующее: /help
07-02-2023 19:51 Пользователь Denis_Blokhin 61301233 написал следующее: /sumary
07-02-2023 19:51 Пользователь Denis_Blokhin 61301233 написал следующее: /sum
07-02-2023 19:51 Пользователь Denis_Blokhin 61301233 написал следующее: /sum
07-02-2023 19:52 Пользователь Denis_Blokhin 61301233 написал следующее: /sum 4577555 667765
07-02-2023 19:53 Пользователь Denis_Blokhin 61301233 написал следующее: /multiply
