08-02-2023 20:29 Пользователь Oksana 212186990 написал следующее: /start
08-02-2023 20:29 Пользователь Oksana 212186990 написал следующее: /help
08-02-2023 20:30 Пользователь Oksana 212186990 написал следующее: /sumary
08-02-2023 20:30 Пользователь Oksana 212186990 написал следующее: /sum 2 + 3 * 6
08-02-2023 20:31 Пользователь Oksana 212186990 написал следующее: /sum 2.5 + 5.6 * 6.0 - 3
08-02-2023 20:31 Пользователь Oksana 212186990 написал следующее: /sum 2.5 - 3.6 * 3
08-02-2023 20:32 Пользователь Denis_Blokhin 61301233 написал следующее: /start
08-02-2023 20:33 Пользователь Denis_Blokhin 61301233 написал следующее: /sumary
08-02-2023 20:33 Пользователь Denis_Blokhin 61301233 написал следующее: /sum 34666+67899
08-02-2023 20:34 Пользователь Denis_Blokhin 61301233 написал следующее: /sum 23567 + 6789
08-02-2023 20:39 Пользователь Oksana 212186990 написал следующее: /start
08-02-2023 20:39 Пользователь Oksana 212186990 написал следующее: /sumary
08-02-2023 20:39 Пользователь Oksana 212186990 написал следующее: 2 + 3 *
08-02-2023 20:40 Пользователь Oksana 212186990 написал следующее: /sumary
08-02-2023 20:40 Пользователь Oksana 212186990 написал следующее: 2 + 2 - 3
08-02-2023 20:42 Пользователь Oksana 212186990 написал следующее: /sumary
08-02-2023 20:42 Пользователь Oksana 212186990 написал следующее: /sum 2 + 2
08-02-2023 20:43 Пользователь Oksana 212186990 написал следующее: /sumary
08-02-2023 20:43 Пользователь Oksana 212186990 написал следующее: /sum 3.5 - 2.3 * 6 - 7
08-02-2023 20:44 Пользователь Oksana 212186990 написал следующее: /start
08-02-2023 20:44 Пользователь Oksana 212186990 написал следующее: /sumary
08-02-2023 20:44 Пользователь Oksana 212186990 написал следующее: /sum 3.5 - 3.2
08-02-2023 20:45 Пользователь Oksana 212186990 написал следующее: /sumary
08-02-2023 20:45 Пользователь Oksana 212186990 написал следующее: /sum 3.5 + 2 * 6.3
